d:\programming\opengl\test-task-1547\build\objects\debug\objects.pdb
d:\programming\opengl\test-task-1547\build\objects\objects.dir\debug\triangle.obj
d:\programming\opengl\test-task-1547\build\objects\objects.dir\debug\line.obj
d:\programming\opengl\test-task-1547\build\objects\objects.dir\debug\vline.obj
d:\programming\opengl\test-task-1547\build\objects\objects.dir\debug\hline.obj
d:\programming\opengl\test-task-1547\build\objects\objects.dir\debug\rect.obj
d:\programming\opengl\test-task-1547\build\objects\objects.dir\debug\point.obj
d:\programming\opengl\test-task-1547\build\objects\objects.dir\debug\object.obj
d:\programming\opengl\test-task-1547\build\objects\cmakefiles\generate.stamp
d:\programming\opengl\test-task-1547\build\objects\debug\objects.lib
d:\programming\opengl\test-task-1547\build\objects\objects.dir\debug\objects.tlog\cl.command.1.tlog
d:\programming\opengl\test-task-1547\build\objects\objects.dir\debug\objects.tlog\cl.items.tlog
d:\programming\opengl\test-task-1547\build\objects\objects.dir\debug\objects.tlog\cl.read.1.tlog
d:\programming\opengl\test-task-1547\build\objects\objects.dir\debug\objects.tlog\cl.write.1.tlog
d:\programming\opengl\test-task-1547\build\objects\objects.dir\debug\objects.tlog\custombuild.command.1.tlog
d:\programming\opengl\test-task-1547\build\objects\objects.dir\debug\objects.tlog\custombuild.read.1.tlog
d:\programming\opengl\test-task-1547\build\objects\objects.dir\debug\objects.tlog\custombuild.write.1.tlog
d:\programming\opengl\test-task-1547\build\objects\objects.dir\debug\objects.tlog\lib-link.read.1.tlog
d:\programming\opengl\test-task-1547\build\objects\objects.dir\debug\objects.tlog\lib-link.write.1.tlog
d:\programming\opengl\test-task-1547\build\objects\objects.dir\debug\objects.tlog\lib.command.1.tlog
